<?xml version="1.0" encoding="UTF-8"?>
<!-- Generated by org.testng.reporters.JUnitXMLReporter -->
<testsuite ignored="3" hostname="LAPTOP-KG9RKALO" failures="1" tests="1" name="Test" time="15.731" errors="0" timestamp="2021-12-27T14:53:06 PST">
  <testcase classname="com.crm.contacts.createcontactTest" name="CreateContactTest" time="1.258">
    <failure type="java.lang.NullPointerException" message="Cannot invoke &amp;quot;org.apache.poi.ss.usermodel.Cell.getStringCellValue()&amp;quot; because the return value of &amp;quot;org.apache.poi.ss.usermodel.Row.getCell(int)&amp;quot; is null">
      <![CDATA[java.lang.NullPointerException: Cannot invoke "org.apache.poi.ss.usermodel.Cell.getStringCellValue()" because the return value of "org.apache.poi.ss.usermodel.Row.getCell(int)" is null
at com.crm.genericutility.ExcelUtility.getDataFromExcel(ExcelUtility.java:35)
at com.crm.contacts.createcontactTest.CreateContactTest(createcontactTest.java:49)
at java.base/java.util.ArrayList.forEach(ArrayList.java:1511)
... Removed 27 stack frames]]>
    </failure>
  </testcase> <!-- CreateContactTest -->
  <testcase classname="com.crm.genericutility.BaseClass" name="@AfterSuite closeDbConnection" time="0.0">
    <ignored/>
  </testcase> <!-- @AfterSuite closeDbConnection -->
  <testcase classname="com.crm.org.CreatOrgTest" name="CreateOrgTest" time="0.0">
    <ignored/>
  </testcase> <!-- CreateOrgTest -->
  <testcase classname="com.crm.genericutility.BaseClass" name="@BeforeSuite dbConnection" time="0.0">
    <ignored/>
  </testcase> <!-- @BeforeSuite dbConnection -->
</testsuite> <!-- Test -->
