<?xml version="1.0" encoding="UTF-8"?>
<!-- Generated by org.testng.reporters.JUnitXMLReporter -->
<testsuite ignored="2" hostname="LAPTOP-KG9RKALO" failures="1" tests="2" name="TestRunner-firefox" time="89.538" errors="0" timestamp="2021-12-29T10:21:38 PST">
  <testcase classname="com.crm.contacts.createcontactTest" name="CreateContactTest" time="0.087">
    <failure type="java.lang.NullPointerException" message="Cannot invoke &amp;quot;org.apache.poi.ss.usermodel.Cell.getStringCellValue()&amp;quot; because the return value of &amp;quot;org.apache.poi.ss.usermodel.Row.getCell(int)&amp;quot; is null">
      <![CDATA[java.lang.NullPointerException: Cannot invoke "org.apache.poi.ss.usermodel.Cell.getStringCellValue()" because the return value of "org.apache.poi.ss.usermodel.Row.getCell(int)" is null
at com.crm.genericutility.ExcelUtility.getDataFromExcel(ExcelUtility.java:35)
at com.crm.contacts.createcontactTest.CreateContactTest(createcontactTest.java:52)
at java.base/java.util.ArrayList.forEach(ArrayList.java:1511)
at java.base/java.util.concurrent.FutureTask.run(FutureTask.java:264)
at java.base/java.util.concurrent.ThreadPoolExecutor.runWorker(ThreadPoolExecutor.java:1130)
at java.base/java.util.concurrent.ThreadPoolExecutor$Worker.run(ThreadPoolExecutor.java:630)
at java.base/java.lang.Thread.run(Thread.java:831)
... Removed 18 stack frames]]>
    </failure>
  </testcase> <!-- CreateContactTest -->
  <testcase classname="com.crm.org.CreatOrgTest" name="CreateOrgTest" time="17.709"/>
  <testcase classname="com.crm.genericutility.BaseClass" name="@AfterSuite closeDbConnection" time="0.0">
    <ignored/>
  </testcase> <!-- @AfterSuite closeDbConnection -->
  <testcase classname="com.crm.genericutility.BaseClass" name="@BeforeSuite dbConnection" time="0.0">
    <ignored/>
  </testcase> <!-- @BeforeSuite dbConnection -->
</testsuite> <!-- TestRunner-firefox -->
